This is pdfTeX, Version 3.14159265-2.6-1.40.17 (MiKTeX 2.9 64-bit) (preloaded format=pdflatex 2016.9.5)  2 SEP 2017 07:44
entering extended mode
**"./Simulation analysis of patient flow.tex"
("Simulation analysis of patient flow.tex"
LaTeX2e <2016/03/31> patch level 3
Babel <3.9r> and hyphenation patterns for 75 language(s) loaded.
("C:\Program Files\MiKTeX 2.9\tex\latex\base\report.cls"
Document Class: report 2014/09/29 v1.4h Standard LaTeX document class
("C:\Program Files\MiKTeX 2.9\tex\latex\base\size12.clo"
File: size12.clo 2014/09/29 v1.4h Standard LaTeX file (size option)
)
\c@part=\count79
\c@chapter=\count80
\c@section=\count81
\c@subsection=\count82
\c@subsubsection=\count83
\c@paragraph=\count84
\c@subparagraph=\count85
\c@figure=\count86
\c@table=\count87
\abovecaptionskip=\skip41
\belowcaptionskip=\skip42
\bibindent=\dimen102
)
("C:\Program Files\MiKTeX 2.9\tex\latex\graphics\graphicx.sty"
Package: graphicx 2014/10/28 v1.0g Enhanced LaTeX Graphics (DPC,SPQR)

("C:\Program Files\MiKTeX 2.9\tex\latex\graphics\keyval.sty"
Package: keyval 2014/10/28 v1.15 key=value parser (DPC)
\KV@toks@=\toks14
)
("C:\Program Files\MiKTeX 2.9\tex\latex\graphics\graphics.sty"
Package: graphics 2016/07/10 v1.0t Standard LaTeX Graphics (DPC,SPQR)

("C:\Program Files\MiKTeX 2.9\tex\latex\graphics\trig.sty"
Package: trig 2016/01/03 v1.10 sin cos tan (DPC)
)
("C:\Program Files\MiKTeX 2.9\tex\latex\00miktex\graphics.cfg"
File: graphics.cfg 2016/06/04 v1.11 sample graphics configuration
)
Package graphics Info: Driver file: pdftex.def on input line 99.

("C:\Program Files\MiKTeX 2.9\tex\latex\graphics-def\pdftex.def"
File: pdftex.def 2016/07/10 v0.06j Graphics/color for pdfTeX

("C:\Program Files\MiKTeX 2.9\tex\generic\oberdiek\infwarerr.sty"
Package: infwarerr 2016/05/16 v1.4 Providing info/warning/error messages (HO)
)
("C:\Program Files\MiKTeX 2.9\tex\generic\oberdiek\ltxcmds.sty"
Package: ltxcmds 2016/05/16 v1.23 LaTeX kernel commands for general use (HO)
)
\Gread@gobject=\count88
))
\Gin@req@height=\dimen103
\Gin@req@width=\dimen104
)
("C:\Program Files\MiKTeX 2.9\tex\latex\eqnarray\eqnarray.sty"
equationarray 1.3 <December 1, 2010>
Package: eqnarray 
("C:\Program Files\MiKTeX 2.9\tex\latex\tools\array.sty"
Package: array 2014/10/28 v2.4c Tabular extension package (FMi)
\col@sep=\dimen105
\extrarowheight=\dimen106
\NC@list=\toks15
\extratabsurround=\skip43
\backup@length=\skip44
)
\@eqargcnt=\count89
)
("C:\Program Files\MiKTeX 2.9\tex\latex\amsmath\amsmath.sty"
Package: amsmath 2016/06/28 v2.15d AMS math features
\@mathmargin=\skip45

For additional information on amsmath, use the `?' option.
("C:\Program Files\MiKTeX 2.9\tex\latex\amsmath\amstext.sty"
Package: amstext 2000/06/29 v2.01 AMS text

("C:\Program Files\MiKTeX 2.9\tex\latex\amsmath\amsgen.sty"
File: amsgen.sty 1999/11/30 v2.0 generic functions
\@emptytoks=\toks16
\ex@=\dimen107
))
("C:\Program Files\MiKTeX 2.9\tex\latex\amsmath\amsbsy.sty"
Package: amsbsy 1999/11/29 v1.2d Bold Symbols
\pmbraise@=\dimen108
)
("C:\Program Files\MiKTeX 2.9\tex\latex\amsmath\amsopn.sty"
Package: amsopn 2016/03/08 v2.02 operator names
)
\inf@bad=\count90
LaTeX Info: Redefining \frac on input line 199.
\uproot@=\count91
\leftroot@=\count92
LaTeX Info: Redefining \overline on input line 297.
\classnum@=\count93
\DOTSCASE@=\count94
LaTeX Info: Redefining \ldots on input line 394.
LaTeX Info: Redefining \dots on input line 397.
LaTeX Info: Redefining \cdots on input line 518.
\Mathstrutbox@=\box26
\strutbox@=\box27
\big@size=\dimen109
LaTeX Font Info:    Redeclaring font encoding OML on input line 634.
LaTeX Font Info:    Redeclaring font encoding OMS on input line 635.
\macc@depth=\count95
\c@MaxMatrixCols=\count96
\dotsspace@=\muskip10
\c@parentequation=\count97
\dspbrk@lvl=\count98
\tag@help=\toks17
\row@=\count99
\column@=\count100
\maxfields@=\count101
\andhelp@=\toks18
\eqnshift@=\dimen110
\alignsep@=\dimen111
\tagshift@=\dimen112
\tagwidth@=\dimen113
\totwidth@=\dimen114
\lineht@=\dimen115
\@envbody=\toks19
\multlinegap=\skip46
\multlinetaggap=\skip47
\mathdisplay@stack=\toks20
LaTeX Info: Redefining \[ on input line 2739.
LaTeX Info: Redefining \] on input line 2740.
)
("C:\Program Files\MiKTeX 2.9\tex\latex\cite\cite.sty"
LaTeX Info: Redefining \cite on input line 302.
LaTeX Info: Redefining \nocite on input line 332.
Package: cite 2015/02/27  v 5.5
)
("C:\Program Files\MiKTeX 2.9\tex\latex\amsfonts\amssymb.sty"
Package: amssymb 2013/01/14 v3.01 AMS font symbols

("C:\Program Files\MiKTeX 2.9\tex\latex\amsfonts\amsfonts.sty"
Package: amsfonts 2013/01/14 v3.01 Basic AMSFonts support
\symAMSa=\mathgroup4
\symAMSb=\mathgroup5
LaTeX Font Info:    Overwriting math alphabet `\mathfrak' in version `bold'
(Font)                  U/euf/m/n --> U/euf/b/n on input line 106.
))
("C:\Program Files\MiKTeX 2.9\tex\latex\float\float.sty"
Package: float 2001/11/08 v1.3d Float enhancements (AL)
\c@float@type=\count102
\float@exts=\toks21
\float@box=\box28
\@float@everytoks=\toks22
\@floatcapt=\box29
)
("C:\Program Files\MiKTeX 2.9\tex\latex\caption\caption.sty"
Package: caption 2016/02/21 v3.3-144 Customizing captions (AR)

("C:\Program Files\MiKTeX 2.9\tex\latex\caption\caption3.sty"
Package: caption3 2016/05/22 v1.7-166 caption3 kernel (AR)
Package caption3 Info: TeX engine: e-TeX on input line 67.
\captionmargin=\dimen116
\captionmargin@=\dimen117
\captionwidth=\dimen118
\caption@tempdima=\dimen119
\caption@indent=\dimen120
\caption@parindent=\dimen121
\caption@hangindent=\dimen122
)
\c@ContinuedFloat=\count103
Package caption Info: float package is loaded.
)
("C:\Program Files\MiKTeX 2.9\tex\latex\caption\subcaption.sty"
Package: subcaption 2016/05/22 v1.1-161 Sub-captions (AR)
\c@subfigure=\count104
\c@subtable=\count105
)
("C:\Program Files\MiKTeX 2.9\tex\latex\graphics\color.sty"
Package: color 2016/07/10 v1.1e Standard LaTeX Color (DPC)

("C:\Program Files\MiKTeX 2.9\tex\latex\00miktex\color.cfg"
File: color.cfg 2016/01/02 v1.6 sample color configuration
)
Package color Info: Driver file: pdftex.def on input line 147.
)
("C:\Program Files\MiKTeX 2.9\tex\latex\url\url.sty"
\Urlmuskip=\muskip11
Package: url 2013/09/16  ver 3.4  Verb mode for urls, etc.
)
("C:\Program Files\MiKTeX 2.9\tex\latex\appendix\appendix.sty"
Package: appendix 2009/09/02 v1.2b extra appendix facilities
\c@@pps=\count106
\c@@ppsavesec=\count107
\c@@ppsaveapp=\count108
)
("C:\Program Files\MiKTeX 2.9\tex\latex\multirow\multirow.sty"
\bigstrutjot=\dimen123
)
("C:\Program Files\MiKTeX 2.9\tex\latex\oberdiek\epstopdf.sty"
Package: epstopdf 2016/05/15 v2.6 Conversion with epstopdf on the fly (HO)

("C:\Program Files\MiKTeX 2.9\tex\latex\oberdiek\epstopdf-base.sty"
Package: epstopdf-base 2016/05/15 v2.6 Base part for package epstopdf

("C:\Program Files\MiKTeX 2.9\tex\latex\oberdiek\grfext.sty"
Package: grfext 2016/05/16 v1.2 Manage graphics extensions (HO)

("C:\Program Files\MiKTeX 2.9\tex\generic\oberdiek\kvdefinekeys.sty"
Package: kvdefinekeys 2016/05/16 v1.4 Define keys (HO)
))
("C:\Program Files\MiKTeX 2.9\tex\latex\oberdiek\kvoptions.sty"
Package: kvoptions 2016/05/16 v3.12 Key value format for package options (HO)

("C:\Program Files\MiKTeX 2.9\tex\generic\oberdiek\kvsetkeys.sty"
Package: kvsetkeys 2016/05/16 v1.17 Key value parser (HO)

("C:\Program Files\MiKTeX 2.9\tex\generic\oberdiek\etexcmds.sty"
Package: etexcmds 2016/05/16 v1.6 Avoid name clashes with e-TeX commands (HO)

("C:\Program Files\MiKTeX 2.9\tex\generic\oberdiek\ifluatex.sty"
Package: ifluatex 2016/05/16 v1.4 Provides the ifluatex switch (HO)
Package ifluatex Info: LuaTeX not detected.
)
Package etexcmds Info: Could not find \expanded.
(etexcmds)             That can mean that you are not using pdfTeX 1.50 or
(etexcmds)             that some package has redefined \expanded.
(etexcmds)             In the latter case, load this package earlier.
)))
("C:\Program Files\MiKTeX 2.9\tex\generic\oberdiek\pdftexcmds.sty"
Package: pdftexcmds 2016/05/21 v0.22 Utility functions of pdfTeX for LuaTeX (HO
)

("C:\Program Files\MiKTeX 2.9\tex\generic\oberdiek\ifpdf.sty"
Package: ifpdf 2016/05/14 v3.1 Provides the ifpdf switch
)
Package pdftexcmds Info: LuaTeX not detected.
Package pdftexcmds Info: \pdf@primitive is available.
Package pdftexcmds Info: \pdf@ifprimitive is available.
Package pdftexcmds Info: \pdfdraftmode found.
)
Package epstopdf-base Info: Redefining graphics rule for `.eps' on input line 4
38.
Package grfext Info: Graphics extension search list:
(grfext)             [.png,.pdf,.jpg,.mps,.jpeg,.jbig2,.jb2,.PNG,.PDF,.JPG,.JPE
G,.JBIG2,.JB2,.eps]
(grfext)             \AppendGraphicsExtensions on input line 456.
))
("C:\Program Files\MiKTeX 2.9\tex\latex\geometry\geometry.sty"
Package: geometry 2010/09/12 v5.6 Page Geometry

("C:\Program Files\MiKTeX 2.9\tex\generic\oberdiek\ifvtex.sty"
Package: ifvtex 2016/05/16 v1.6 Detect VTeX and its facilities (HO)
Package ifvtex Info: VTeX not detected.
)
("C:\Program Files\MiKTeX 2.9\tex\generic\ifxetex\ifxetex.sty"
Package: ifxetex 2010/09/12 v0.6 Provides ifxetex conditional
)
\Gm@cnth=\count109
\Gm@cntv=\count110
\c@Gm@tempcnt=\count111
\Gm@bindingoffset=\dimen124
\Gm@wd@mp=\dimen125
\Gm@odd@mp=\dimen126
\Gm@even@mp=\dimen127
\Gm@layoutwidth=\dimen128
\Gm@layoutheight=\dimen129
\Gm@layouthoffset=\dimen130
\Gm@layoutvoffset=\dimen131
\Gm@dimlist=\toks23

("C:\Program Files\MiKTeX 2.9\tex\latex\geometry\geometry.cfg"))
("Simulation analysis of patient flow.aux"

LaTeX Warning: Label `my-label' multiply defined.


LaTeX Warning: Label `my-label' multiply defined.

)
\openout1 = `"Simulation analysis of patient flow.aux"'.

LaTeX Font Info:    Checking defaults for OML/cmm/m/it on input line 39.
LaTeX Font Info:    ... okay on input line 39.
LaTeX Font Info:    Checking defaults for T1/cmr/m/n on input line 39.
LaTeX Font Info:    ... okay on input line 39.
LaTeX Font Info:    Checking defaults for OT1/cmr/m/n on input line 39.
LaTeX Font Info:    ... okay on input line 39.
LaTeX Font Info:    Checking defaults for OMS/cmsy/m/n on input line 39.
LaTeX Font Info:    ... okay on input line 39.
LaTeX Font Info:    Checking defaults for OMX/cmex/m/n on input line 39.
LaTeX Font Info:    ... okay on input line 39.
LaTeX Font Info:    Checking defaults for U/cmr/m/n on input line 39.
LaTeX Font Info:    ... okay on input line 39.
 ("C:\Program Files\MiKTeX 2.9\tex\context\base\supp-pdf.mkii"
[Loading MPS to PDF converter (version 2006.09.02).]
\scratchcounter=\count112
\scratchdimen=\dimen132
\scratchbox=\box30
\nofMPsegments=\count113
\nofMParguments=\count114
\everyMPshowfont=\toks24
\MPscratchCnt=\count115
\MPscratchDim=\dimen133
\MPnumerator=\count116
\makeMPintoPDFobject=\count117
\everyMPtoPDFconversion=\toks25
)
Package caption Info: Begin \AtBeginDocument code.
Package caption Info: End \AtBeginDocument code.

*geometry* driver: auto-detecting
*geometry* detected driver: pdftex
*geometry* verbose mode - [ preamble ] result:
* driver: pdftex
* paper: a4paper
* layout: <same size as paper>
* layoutoffset:(h,v)=(0.0pt,0.0pt)
* modes: 
* h-part:(L,W,R)=(72.26997pt, 452.96793pt, 72.26997pt)
* v-part:(T,H,B)=(72.26997pt, 700.5069pt, 72.26997pt)
* \paperwidth=597.50787pt
* \paperheight=845.04684pt
* \textwidth=452.96793pt
* \textheight=700.5069pt
* \oddsidemargin=-0.00002pt
* \evensidemargin=-0.00002pt
* \topmargin=-37.00002pt
* \headheight=12.0pt
* \headsep=25.0pt
* \topskip=12.0pt
* \footskip=30.0pt
* \marginparwidth=35.0pt
* \marginparsep=10.0pt
* \columnsep=10.0pt
* \skip\footins=10.8pt plus 4.0pt minus 2.0pt
* \hoffset=0.0pt
* \voffset=0.0pt
* \mag=1000
* \@twocolumnfalse
* \@twosidefalse
* \@mparswitchfalse
* \@reversemarginfalse
* (1in=72.27pt=25.4mm, 1cm=28.453pt)

<DTULOGO.jpg, id=1, 249.18094pt x 216.05719pt>
File: DTULOGO.jpg Graphic file (type jpg)
 <use DTULOGO.jpg>
Package pdftex.def Info: DTULOGO.jpg used on input line 80.
(pdftex.def)             Requested size: 174.42545pt x 151.23898pt.
 [1

{C:/ProgramData/MiKTeX/2.9/pdftex/config/pdftex.map} <./DTULOGO.jpg>]
Underfull \hbox (badness 10000) in paragraph at lines 109--116

 []


Underfull \hbox (badness 10000) in paragraph at lines 109--116

 []


Underfull \hbox (badness 10000) in paragraph at lines 109--116

 []


Underfull \hbox (badness 10000) in paragraph at lines 109--116

 []

[1

]
Underfull \hbox (badness 10000) in paragraph at lines 121--124

 []

[2

]
Underfull \hbox (badness 10000) in paragraph at lines 129--139

 []


Underfull \hbox (badness 10000) in paragraph at lines 129--139

 []


Underfull \hbox (badness 10000) in paragraph at lines 129--139

 []

[3

]
Missing character: There is no ‚ in font cmr12!
Missing character: There is no Ä in font cmr12!
Missing character: There is no ô in font cmr12!
 [4

] ("Simulation analysis of patient flow.toc"
LaTeX Font Info:    Try loading font information for U+msa on input line 2.

("C:\Program Files\MiKTeX 2.9\tex\latex\amsfonts\umsa.fd"
File: umsa.fd 2013/01/14 v3.01 AMS symbols A
)
LaTeX Font Info:    Try loading font information for U+msb on input line 2.

("C:\Program Files\MiKTeX 2.9\tex\latex\amsfonts\umsb.fd"
File: umsb.fd 2013/01/14 v3.01 AMS symbols B
))
\tf@toc=\write3
\openout3 = `"Simulation analysis of patient flow.toc"'.

 [5


]
("Simulation analysis of patient flow.lof")
\tf@lof=\write4
\openout4 = `"Simulation analysis of patient flow.lof"'.

 [6

]
Chapter 1.

LaTeX Warning: Citation `banerjee2015analysis' on page 1 undefined on input lin
e 164.


LaTeX Warning: Citation `jacobson2013discrete' on page 1 undefined on input lin
e 168.


LaTeX Warning: Citation `patil2015scheduling' on page 1 undefined on input line
 172.


LaTeX Warning: Citation `sethia2014nfc' on page 1 undefined on input line 174.


Underfull \hbox (badness 10000) in paragraph at lines 164--185

 []


Underfull \hbox (badness 10000) in paragraph at lines 164--185

 []


Underfull \hbox (badness 10000) in paragraph at lines 164--185

 []


Underfull \hbox (badness 10000) in paragraph at lines 164--185

 []

[1

] [2]

LaTeX Warning: Citation `lin2015global' on page 3 undefined on input line 191.


LaTeX Warning: Citation `rpc' on page 3 undefined on input line 195.


LaTeX Warning: Citation `hl7' on page 3 undefined on input line 203.

[3

] [4]
Missing character: There is no ‚ in font cmr12!
Missing character: There is no Ä in font cmr12!
Missing character: There is no ô in font cmr12!
 [5

]
Chapter 2.

LaTeX Warning: Citation `chen2016patient' on page 6 undefined on input line 222
.

<servers.JPG, id=45, 499.11469pt x 428.35031pt>
File: servers.JPG Graphic file (type jpg)
 <use servers.JPG>
Package pdftex.def Info: servers.JPG used on input line 232.
(pdftex.def)             Requested size: 449.19905pt x 385.5117pt.

Underfull \hbox (badness 10000) in paragraph at lines 222--240

 []


Underfull \hbox (badness 10000) in paragraph at lines 222--240

 []


Underfull \hbox (badness 10000) in paragraph at lines 222--240

 []


LaTeX Warning: `!h' float specifier changed to `!ht'.


LaTeX Warning: Citation `tan2013dynamic' on page 6 undefined on input line 252.



LaTeX Warning: Citation `yom2014erlang' on page 6 undefined on input line 266.


LaTeX Warning: Citation `dai2017two' on page 6 undefined on input line 270.


LaTeX Warning: Citation `chong2015patient' on page 6 undefined on input line 27
4.


LaTeX Warning: Citation `shao2015bottleneck' on page 6 undefined on input line 
276.


Underfull \hbox (badness 10000) in paragraph at lines 242--288

 []


Underfull \hbox (badness 10000) in paragraph at lines 242--288

 []


Underfull \hbox (badness 10000) in paragraph at lines 242--288

 []


Underfull \hbox (badness 10000) in paragraph at lines 242--288

 []


Underfull \hbox (badness 10000) in paragraph at lines 242--288

 []


Underfull \hbox (badness 10000) in paragraph at lines 242--288

 []


Underfull \hbox (badness 10000) in paragraph at lines 242--288

 []


Underfull \hbox (badness 10000) in paragraph at lines 242--288

 []

[6

] [7 <./servers.JPG>]

LaTeX Warning: Citation `feng2016steady' on page 8 undefined on input line 297.



Underfull \hbox (badness 10000) in paragraph at lines 293--300

 []


Underfull \hbox (badness 10000) in paragraph at lines 293--300

 []

[8]

LaTeX Warning: Citation `jacobson2013discrete' on page 9 undefined on input lin
e 309.

<mm.JPG, id=56, 575.90157pt x 227.34938pt>
File: mm.JPG Graphic file (type jpg)
 <use mm.JPG>
Package pdftex.def Info: mm.JPG used on input line 312.
(pdftex.def)             Requested size: 345.54361pt x 136.41068pt.

Underfull \hbox (badness 10000) in paragraph at lines 307--317

 []


Underfull \hbox (badness 10000) in paragraph at lines 307--317

 []

[9 <./mm.JPG>]
Underfull \hbox (badness 10000) in paragraph at lines 321--323

 []


Underfull \hbox (badness 10000) in paragraph at lines 321--323

 []

<eq2.JPG, id=62, 454.69875pt x 277.035pt>
File: eq2.JPG Graphic file (type jpg)
 <use eq2.JPG>
Package pdftex.def Info: eq2.JPG used on input line 327.
(pdftex.def)             Requested size: 363.75949pt x 221.6283pt.

Underfull \hbox (badness 10000) in paragraph at lines 331--333

 []


Underfull \hbox (badness 10000) in paragraph at lines 331--333

 []

[10 <./eq2.JPG>]
Underfull \hbox (badness 10000) in paragraph at lines 341--342

 []


Underfull \hbox (badness 10000) in paragraph at lines 343--344

 []


Underfull \hbox (badness 10000) in paragraph at lines 345--346

 []

Missing character: There is no ‚ in font cmr12!
Missing character: There is no Ä in font cmr12!
Missing character: There is no ô in font cmr12!

Underfull \hbox (badness 10000) in paragraph at lines 348--349

 []


Underfull \hbox (badness 10000) in paragraph at lines 348--349

 []


Underfull \hbox (badness 10000) in paragraph at lines 351--352

 []


Underfull \hbox (badness 10000) in paragraph at lines 351--352

 []


Underfull \hbox (badness 10000) in paragraph at lines 354--355

 []


Underfull \hbox (badness 10000) in paragraph at lines 354--355

 []

[11]

LaTeX Warning: Citation `feng2016steady' on page 12 undefined on input line 360
.

<pois.JPG, id=73, 331.2375pt x 57.96657pt>
File: pois.JPG Graphic file (type jpg)
 <use pois.JPG>
Package pdftex.def Info: pois.JPG used on input line 368.
(pdftex.def)             Requested size: 331.23668pt x 57.96642pt.

Underfull \hbox (badness 10000) in paragraph at lines 360--395

 []

[12 <./pois.JPG>]

LaTeX Warning: Citation `franz2015applying' on page 13 undefined on input line 
399.


LaTeX Warning: Citation `small' on page 13 undefined on input line 401.


LaTeX Warning: Citation `small' on page 13 undefined on input line 405.


Underfull \hbox (badness 10000) in paragraph at lines 409--410

 []


LaTeX Warning: Citation `bender2013hl7' on page 13 undefined on input line 411.


Missing character: There is no ‚ in font cmr12!
Missing character: There is no Ä in font cmr12!
Missing character: There is no ú in font cmr12!
Missing character: There is no ‚ in font cmr12!
Missing character: There is no Ä in font cmr12!
Missing character: There is no ù in font cmr12!

Underfull \hbox (badness 10000) in paragraph at lines 411--419

 []


Underfull \hbox (badness 10000) in paragraph at lines 411--419

 []


Underfull \hbox (badness 10000) in paragraph at lines 411--419

 []


Underfull \hbox (badness 10000) in paragraph at lines 411--419

 []

[13]
Missing character: There is no ‚ in font cmr12!
Missing character: There is no Ä in font cmr12!
Missing character: There is no ì in font cmr12!
Missing character: There is no ‚ in font cmr12!
Missing character: There is no Ä in font cmr12!
Missing character: There is no ì in font cmr12!
Missing character: There is no ‚ in font cmr12!
Missing character: There is no Ä in font cmr12!
Missing character: There is no ì in font cmr12!
Missing character: There is no ‚ in font cmr12!
Missing character: There is no Ä in font cmr12!
Missing character: There is no ì in font cmr12!
Missing character: There is no ‚ in font cmr12!
Missing character: There is no Ä in font cmr12!
Missing character: There is no ì in font cmr12!
Missing character: There is no ‚ in font cmr12!
Missing character: There is no Ä in font cmr12!
Missing character: There is no ì in font cmr12!
Missing character: There is no ‚ in font cmr12!
Missing character: There is no Ä in font cmr12!
Missing character: There is no ì in font cmr12!
Missing character: There is no ‚ in font cmr12!
Missing character: There is no Ä in font cmr12!
Missing character: There is no ì in font cmr12!


LaTeX Warning: Citation `bender2013hl7' on page 14 undefined on input line 430.


Missing character: There is no ¬ in font cmr12!
Missing character: There is no Æ in font cmr12!

LaTeX Warning: Citation `hl7' on page 14 undefined on input line 443.

<arch.jpeg, id=81, 632.3625pt x 347.04657pt>
File: arch.jpeg Graphic file (type jpg)
 <use arch.jpeg>
Package pdftex.def Info: arch.jpeg used on input line 446.
(pdftex.def)             Requested size: 442.65074pt x 242.93094pt.


LaTeX Warning: Citation `small' on page 14 undefined on input line 447.


Underfull \hbox (badness 10000) in paragraph at lines 430--450

 []

[14] [15 <./arch.jpeg>]
Underfull \hbox (badness 10000) in paragraph at lines 451--453

 []

<on.jpg, id=88, 491.58656pt x 380.92313pt>
File: on.jpg Graphic file (type jpg)
 <use on.jpg>
Package pdftex.def Info: on.jpg used on input line 456.
(pdftex.def)             Requested size: 491.58536pt x 380.92218pt.

Overfull \hbox (38.61743pt too wide) in paragraph at lines 456--457
 [] 
 []

[16

 <./on.jpg>]

LaTeX Warning: Citation `armony2015patient' on page 17 undefined on input line 
466.


LaTeX Warning: Citation `franz2015applying' on page 17 undefined on input line 
470.


Underfull \hbox (badness 10000) in paragraph at lines 463--478

 []


Underfull \hbox (badness 10000) in paragraph at lines 463--478

 []


Underfull \hbox (badness 10000) in paragraph at lines 463--478

 []


Underfull \hbox (badness 10000) in paragraph at lines 463--478

 []

[17

]
Chapter 3.

Underfull \hbox (badness 10000) in paragraph at lines 480--483

 []


LaTeX Warning: Citation `shao2015bottleneck' on page 18 undefined on input line
 484.


Underfull \hbox (badness 10000) in paragraph at lines 484--490

 []


LaTeX Warning: Citation `chong2015patient' on page 18 undefined on input line 4
91.


Underfull \hbox (badness 10000) in paragraph at lines 491--493

 []


LaTeX Warning: Citation `fan2016smart' on page 18 undefined on input line 495.


Underfull \hbox (badness 10000) in paragraph at lines 495--502

 []


LaTeX Warning: Citation `nikakhtar2015social' on page 18 undefined on input lin
e 503.


Underfull \hbox (badness 10000) in paragraph at lines 503--505

 []

[18

]

LaTeX Warning: Citation `fan2016smart' on page 19 undefined on input line 506.

Missing character: There is no ‚ in font cmr12!
Missing character: There is no Ä in font cmr12!
Missing character: There is no ô in font cmr12!

Underfull \hbox (badness 10000) in paragraph at lines 506--509

 []


LaTeX Warning: Citation `yom2014erlang' on page 19 undefined on input line 510.


Missing character: There is no ‚ in font cmr12!
Missing character: There is no Ä in font cmr12!
Missing character: There is no ú in font cmr12!
Missing character: There is no ‚ in font cmr12!
Missing character: There is no Ä in font cmr12!
Missing character: There is no ù in font cmr12!

Underfull \hbox (badness 10000) in paragraph at lines 510--513

 []


Underfull \hbox (badness 10000) in paragraph at lines 514--519

 []


Underfull \hbox (badness 10000) in paragraph at lines 520--521

 []

[19]
Chapter 4.
<flow.JPG, id=102, 443.40656pt x 361.35pt>
File: flow.JPG Graphic file (type jpg)
 <use flow.JPG>
Package pdftex.def Info: flow.JPG used on input line 533.
(pdftex.def)             Requested size: 443.40547pt x 361.34912pt.


LaTeX Warning: Citation `rpc' on page 20 undefined on input line 537.


Underfull \hbox (badness 10000) in paragraph at lines 540--542

 []

[20

 <./flow.JPG>]

LaTeX Warning: Citation `mell2009nist' on page 21 undefined on input line 544.


Underfull \hbox (badness 10000) in paragraph at lines 543--554

 []


Underfull \hbox (badness 10000) in paragraph at lines 543--554

 []


Underfull \hbox (badness 10000) in paragraph at lines 543--554

 []


LaTeX Warning: Citation `sethia2014nfc' on page 21 undefined on input line 556.


<pr1.jpg, id=106, 508.14844pt x 457.71pt>
File: pr1.jpg Graphic file (type jpg)
 <use pr1.jpg>
Package pdftex.def Info: pr1.jpg used on input line 560.
(pdftex.def)             Requested size: 457.32936pt x 411.9352pt.

Overfull \hbox (4.36143pt too wide) in paragraph at lines 560--561
 [] 
 []


LaTeX Warning: `!h' float specifier changed to `!ht'.

[21] [22 <./pr1.jpg>] <final.jpg, id=113, 918.7926pt x 464.937pt>
File: final.jpg Graphic file (type jpg)

<use final.jpg>
Package pdftex.def Info: final.jpg used on input line 573.
(pdftex.def)             Requested size: 459.39517pt x 232.46793pt.

Overfull \hbox (6.42725pt too wide) in paragraph at lines 573--574
 [] 
 []


LaTeX Warning: Citation `sethia2014nfc' on page 23 undefined on input line 579.



Underfull \hbox (badness 10000) in paragraph at lines 579--580

 []


Underfull \hbox (badness 10000) in paragraph at lines 579--580

 []

<regis.jpg, id=114, 251.43938pt x 142.28156pt>
File: regis.jpg Graphic file (type jpg)
 <use regis.jpg>
Package pdftex.def Info: regis.jpg used on input line 583.
(pdftex.def)             Requested size: 276.58415pt x 156.5102pt.


LaTeX Warning: `!h' float specifier changed to `!ht'.


LaTeX Warning: Citation `mell2009nist' on page 23 undefined on input line 587.


Underfull \hbox (badness 10000) in paragraph at lines 587--588

 []


Underfull \hbox (badness 10000) in paragraph at lines 587--588

 []


LaTeX Warning: Citation `coskun2013survey' on page 23 undefined on input line 5
90.


Underfull \hbox (badness 10000) in paragraph at lines 589--600

 []


Underfull \hbox (badness 10000) in paragraph at lines 589--600

 []


Underfull \hbox (badness 10000) in paragraph at lines 589--600

 []

[23

 <./final.jpg>]

LaTeX Warning: Citation `hl7' on page 24 undefined on input line 602.

Missing character: There is no ‚ in font cmr12!
Missing character: There is no Ä in font cmr12!
Missing character: There is no ô in font cmr12!

LaTeX Warning: Citation `lin2015global' on page 24 undefined on input line 604.



Underfull \hbox (badness 10000) in paragraph at lines 602--617

 []


Underfull \hbox (badness 10000) in paragraph at lines 602--617

 []


Underfull \hbox (badness 10000) in paragraph at lines 602--617

 []

[24 <./regis.jpg>] [25]
Chapter 5.

LaTeX Warning: Citation `report' on page 26 undefined on input line 641.


Underfull \hbox (badness 10000) in paragraph at lines 641--648

 []


LaTeX Warning: Citation `data' on page 26 undefined on input line 649.

<pr2.jpg, id=125, 493.845pt x 277.035pt>
File: pr2.jpg Graphic file (type jpg)
 <use pr2.jpg>
Package pdftex.def Info: pr2.jpg used on input line 657.
(pdftex.def)             Requested size: 493.84378pt x 277.03432pt.

Overfull \hbox (40.87585pt too wide) in paragraph at lines 657--658
 [] 
 []

[26

] <exp2.jpg, id=129, 312.41719pt x 191.21437pt>
File: exp2.jpg Graphic file (type jpg)
 <use exp2.jpg>
Package pdftex.def Info: exp2.jpg used on input line 666.
(pdftex.def)             Requested size: 343.65996pt x 210.33644pt.


LaTeX Warning: `!h' float specifier changed to `!ht'.

<exp1.jpg, id=130, 306.39468pt x 163.3603pt>
File: exp1.jpg Graphic file (type jpg)
 <use exp1.jpg>
Package pdftex.def Info: exp1.jpg used on input line 675.
(pdftex.def)             Requested size: 337.03519pt x 179.69687pt.


LaTeX Warning: `!h' float specifier changed to `!ht'.

[27 <./pr2.jpg>] [28 <./exp2.jpg> <./exp1.jpg>]
<propo.jpg, id=137, 551.05875pt x 184.43906pt>
File: propo.jpg Graphic file (type jpg)
 <use propo.jpg>
Package pdftex.def Info: propo.jpg used on input line 683.
(pdftex.def)             Requested size: 330.63779pt x 110.66428pt.


LaTeX Warning: Citation `report' on page 29 undefined on input line 687.


Underfull \hbox (badness 10000) in paragraph at lines 687--690

 []


Underfull \hbox (badness 10000) in paragraph at lines 687--690

 []


Underfull \hbox (badness 10000) in paragraph at lines 687--690

 []


Underfull \hbox (badness 10000) in paragraph at lines 691--695

 []

<pp3.jpg, id=138, 263.48438pt x 170.13562pt>
File: pp3.jpg Graphic file (type jpg)
 <use pp3.jpg>
Package pdftex.def Info: pp3.jpg used on input line 698.
(pdftex.def)             Requested size: 289.8337pt x 187.14975pt.


LaTeX Warning: `!h' float specifier changed to `!ht'.

<pp4.jpg, id=139, 262.73157pt x 145.29282pt>
File: pp4.jpg Graphic file (type jpg)
 <use pp4.jpg>
Package pdftex.def Info: pp4.jpg used on input line 706.
(pdftex.def)             Requested size: 289.0056pt x 159.82257pt.


LaTeX Warning: `!h' float specifier changed to `!ht'.

[29

 <./propo.jpg>] [30 <./pp3.jpg> <./pp4.jpg>]
<server.jpg, id=147, 375.65344pt x 210.03468pt>
File: server.jpg Graphic file (type jpg)
 <use server.jpg>
Package pdftex.def Info: server.jpg used on input line 722.
(pdftex.def)             Requested size: 413.22005pt x 231.03885pt.
 [31 <./server.jpg>] <result1.jpg, id=151, 333.49594pt x 202.50656pt>
File: result1.jpg Graphic file (type jpg)
 <use result1.jpg>
Package pdftex.def Info: result1.jpg used on input line 731.
(pdftex.def)             Requested size: 300.14357pt x 182.2542pt.

<result2.jpg, id=152, 350.05782pt x 208.52907pt>
File: result2.jpg Graphic file (type jpg)
 <use result2.jpg>
Package pdftex.def Info: result2.jpg used on input line 738.
(pdftex.def)             Requested size: 315.0491pt x 187.67441pt.
 [32

 <./result1.jpg> <./result2.jpg>]

LaTeX Warning: Citation `bender2013hl7' on page 33 undefined on input line 748.


<ob3.jpg, id=156, 435.12563pt x 479.54156pt>
File: ob3.jpg Graphic file (type jpg)
 <use ob3.jpg>
Package pdftex.def Info: ob3.jpg used on input line 751.
(pdftex.def)             Requested size: 478.63966pt x 527.49734pt.

Overfull \hbox (25.67174pt too wide) in paragraph at lines 751--752
 [] 
 []

<ob2.jpg, id=157, 455.45157pt x 257.46187pt>
File: ob2.jpg Graphic file (type jpg)
 <use ob2.jpg>
Package pdftex.def Info: ob2.jpg used on input line 764.
(pdftex.def)             Requested size: 455.45045pt x 257.46123pt.

Overfull \hbox (2.48253pt too wide) in paragraph at lines 764--765
 [] 
 []

[33

 <./ob3.jpg>] [34 <./ob2.jpg>]
Chapter 6.
Missing character: There is no ‚ in font cmr12!
Missing character: There is no Ä in font cmr12!
Missing character: There is no ô in font cmr12!
[35

]
Appendix A.

Underfull \hbox (badness 10000) in paragraph at lines 802--810

 []


LaTeX Warning: No positions in optional float specifier.
               Default added (so using `tbp') on input line 812.


LaTeX Warning: Citation `rpc' on page 36 undefined on input line 814.


LaTeX Warning: Citation `rpc' on page 36 undefined on input line 814.


LaTeX Warning: No positions in optional float specifier.
               Default added (so using `tbp') on input line 838.


LaTeX Warning: Citation `rpc' on page 36 undefined on input line 840.


LaTeX Warning: Citation `rpc' on page 36 undefined on input line 840.

[36

] [37]
No file "Simulation analysis of patient flow".bbl.
("Simulation analysis of patient flow.aux")

LaTeX Warning: There were undefined references.


LaTeX Warning: There were multiply-defined labels.

 ) 
Here is how much of TeX's memory you used:
 4579 strings out of 493334
 66766 string characters out of 3139247
 138591 words of memory out of 3000000
 8006 multiletter control sequences out of 15000+200000
 11362 words of font info for 42 fonts, out of 3000000 for 9000
 1141 hyphenation exceptions out of 8191
 42i,9n,39p,1778b,331s stack positions out of 5000i,500n,10000p,200000b,50000s
<C:/Program Files/MiKTeX 2.9/fonts/type1/public/amsfonts/cm/cmbx12.pfb><C:/Pr
ogram Files/MiKTeX 2.9/fonts/type1/public/amsfonts/cm/cmex10.pfb><C:/Program Fi
les/MiKTeX 2.9/fonts/type1/public/amsfonts/cm/cmmi12.pfb><C:/Program Files/MiKT
eX 2.9/fonts/type1/public/amsfonts/cm/cmmi6.pfb><C:/Program Files/MiKTeX 2.9/fo
nts/type1/public/amsfonts/cm/cmmi8.pfb><C:/Program Files/MiKTeX 2.9/fonts/type1
/public/amsfonts/cm/cmr12.pfb><C:/Program Files/MiKTeX 2.9/fonts/type1/public/a
msfonts/cm/cmr17.pfb><C:/Program Files/MiKTeX 2.9/fonts/type1/public/amsfonts/c
m/cmr8.pfb><C:/Program Files/MiKTeX 2.9/fonts/type1/public/amsfonts/cm/cmsy10.p
fb><C:/Program Files/MiKTeX 2.9/fonts/type1/public/amsfonts/cm/cmsy8.pfb><C:/Pr
ogram Files/MiKTeX 2.9/fonts/type1/public/amsfonts/cm/cmti12.pfb>
Output written on "Simulation analysis of patient flow.pdf" (44 pages, 1475342 
bytes).
PDF statistics:
 211 PDF objects out of 1000 (max. 8388607)
 0 named destinations out of 1000 (max. 500000)
 111 words of extra memory for PDF output out of 10000 (max. 10000000)

